  预编译头.cpp
  json_reader.cpp
  json_value.cpp
  json_writer.cpp
  land_g7.cpp
F:\插件解决方案\BDS插件\land_g7.cpp(1495,32): warning C4267: “初始化”: 从“size_t”转换到“int”，可能丢失数据
F:\插件解决方案\BDS插件\land_g7.cpp(1496,29): warning C4267: “初始化”: 从“size_t”转换到“int”，可能丢失数据
F:\插件解决方案\BDS插件\land_g7.cpp(1528,30): warning C4267: “初始化”: 从“size_t”转换到“int”，可能丢失数据
F:\插件解决方案\BDS插件\land_g7.cpp(1530,32): warning C4267: “初始化”: 从“size_t”转换到“int”，可能丢失数据
F:\插件解决方案\BDS插件\land_g7.cpp(1534,26): warning C4267: “初始化”: 从“size_t”转换到“int”，可能丢失数据
F:\插件解决方案\BDS插件\land_g7.cpp(1538,26): warning C4267: “初始化”: 从“size_t”转换到“int”，可能丢失数据
F:\插件解决方案\BDS插件\land_g7.cpp(1542,26): warning C4267: “初始化”: 从“size_t”转换到“int”，可能丢失数据
F:\插件解决方案\BDS插件\land_g7.cpp(1590,14): warning C4244: “初始化”: 从“time_t”转换到“unsigned int”，可能丢失数据
F:\插件解决方案\BDS插件\land_g7.cpp(1614,34): warning C4267: “参数”: 从“size_t”转换到“T”，可能丢失数据
          with
          [
              T=unsigned int
          ]
  正在生成代码
  Previous IPDB not found, fall back to full compilation.
  All 2010 functions were compiled because no usable IPDB/IOBJ from previous compilation was found.
  已完成代码的生成
  BDS插件.vcxproj -> F:\插件解决方案\x64\Release\land-g7.dll
